#
# There is insufficient memory for the Java Runtime Environment to continue.
# Native memory allocation (mmap) failed to map 127926272 bytes for committing reserved memory.
# Possible reasons:
#   The system is out of physical RAM or swap space
#   In 32 bit mode, the process size limit was hit
# Possible solutions:
#   Reduce memory load on the system
#   Increase physical memory or swap space
#   Check if swap backing store is full
#   Use 64 bit Java on a 64 bit OS
#   Decrease Java heap size (-Xmx/-Xms)
#   Decrease number of Java threads
#   Decrease Java thread stack sizes (-Xss)
#   Set larger code cache with -XX:ReservedCodeCacheSize=
# This output file may be truncated or incomplete.
#
#  Out of Memory Error (os_linux.cpp:2630), pid=1, tid=0x00007f2ca42fa700
#
# JRE version: OpenJDK Runtime Environment (8.0_111-b14) (build 1.8.0_111-8u111-b14-2~bpo8+1-b14)
# Java VM: OpenJDK 64-Bit Server VM (25.111-b14 mixed mode linux-amd64 compressed oops)
# Core dump written. Default location: /app/core or core.1
#

---------------  T H R E A D  ---------------

Current thread (0x00007f2cb40fa000):  VMThread [stack: 0x00007f2ca41fa000,0x00007f2ca42fb000] [id=8]

Stack: [0x00007f2ca41fa000,0x00007f2ca42fb000],  sp=0x00007f2ca42f94c0,  free space=1021k
Native frames: (J=compiled Java code, j=interpreted, Vv=VM code, C=native code)
V  [libjvm.so+0xa95c0d]
V  [libjvm.so+0x4ea37c]
V  [libjvm.so+0x8e21c0]
V  [libjvm.so+0x8dc8ae]
V  [libjvm.so+0x9593fb]
V  [libjvm.so+0x95a763]
V  [libjvm.so+0x95725e]
V  [libjvm.so+0x95754c]
V  [libjvm.so+0x907ee3]
V  [libjvm.so+0xa97842]
V  [libjvm.so+0xa9c3d7]
V  [libjvm.so+0xa9a6f7]
V  [libjvm.so+0xa9af27]
V  [libjvm.so+0xa9b471]
V  [libjvm.so+0x8df692]

VM_Operation (0x00007f2cbe2ceb60): ParallelGCFailedAllocation, mode: safepoint, requested by thread 0x00007f2cb4009800


---------------  P R O C E S S  ---------------

Java Threads: ( => current thread )
  0x00007f2cb4afc000 JavaThread "background-preinit" [_thread_blocked, id=17, stack(0x00007f2c97071000,0x00007f2c97172000)]
  0x00007f2cb4136800 JavaThread "Service Thread" daemon [_thread_blocked, id=14, stack(0x00007f2c9798c000,0x00007f2c97a8d000)]
  0x00007f2cb4134000 JavaThread "C1 CompilerThread1" daemon [_thread_blocked, id=13, stack(0x00007f2c97a8d000,0x00007f2c97b8e000)]
  0x00007f2cb4131000 JavaThread "C2 CompilerThread0" daemon [_thread_blocked, id=12, stack(0x00007f2c97b8e000,0x00007f2c97c8f000)]
  0x00007f2cb412f000 JavaThread "Signal Dispatcher" daemon [_thread_blocked, id=11, stack(0x00007f2c97c8f000,0x00007f2c97d90000)]
  0x00007f2cb4106800 JavaThread "Finalizer" daemon [_thread_blocked, id=10, stack(0x00007f2c97eff000,0x00007f2c98000000)]
  0x00007f2cb4102000 JavaThread "Reference Handler" daemon [_thread_blocked, id=9, stack(0x00007f2ca40f9000,0x00007f2ca41fa000)]
  0x00007f2cb4009800 JavaThread "main" [_thread_blocked, id=5, stack(0x00007f2cbe1d2000,0x00007f2cbe2d3000)]

Other Threads:
=>0x00007f2cb40fa000 VMThread [stack: 0x00007f2ca41fa000,0x00007f2ca42fb000] [id=8]
  0x00007f2cb413d000 WatcherThread [stack: 0x00007f2c9788b000,0x00007f2c9798c000] [id=15]

VM state:at safepoint (normal execution)

VM Mutex/Monitor currently owned by a thread:  ([mutex/lock_event])
[0x00007f2cb40060d0] Threads_lock - owner thread: 0x00007f2cb40fa000
[0x00007f2cb40065d0] Heap_lock - owner thread: 0x00007f2cb4009800

Heap:
 PSYoungGen      total 123392K, used 4606K [0x00000000ed980000, 0x00000000f5680000, 0x0000000100000000)
  eden space 118784K, 0% used [0x00000000ed980000,0x00000000ed980000,0x00000000f4d80000)
  from space 4608K, 99% used [0x00000000f4d80000,0x00000000f51ffb80,0x00000000f5200000)
  to   space 4608K, 0% used [0x00000000f5200000,0x00000000f5200000,0x00000000f5680000)
 ParOldGen       total 38400K, used 8148K [0x00000000c8c00000, 0x00000000cb180000, 0x00000000ed980000)
  object space 38400K, 21% used [0x00000000c8c00000,0x00000000c93f5288,0x00000000cb180000)
 Metaspace       used 15427K, capacity 15540K, committed 15744K, reserved 1062912K
  class space    used 1867K, capacity 1916K, committed 1920K, reserved 1048576K

Card table byte_map: [0x00007f2cba70f000,0x00007f2cba8ca000] byte_map_base: 0x00007f2cba0c9000

Marking Bits: (ParMarkBitMap*) 0x00007f2cbd4ad340
 Begin Bits: [0x00007f2cb8846000, 0x00007f2cb9616000)
 End Bits:   [0x00007f2cb9616000, 0x00007f2cba3e6000)

Polling page: 0x00007f2cbe2dd000

CodeCache: size=245760Kb used=5026Kb max_used=5037Kb free=240733Kb
 bounds [0x00007f2ca5000000, 0x00007f2ca5500000, 0x00007f2cb4000000]
 total_blobs=1698 nmethods=1377 adapters=235
 compilation: enabled

Compilation events (10 events):
Event: 30.101 Thread 0x00007f2cb4134000 nmethod 1420 0x00007f2ca5112550 code [0x00007f2ca51126c0, 0x00007f2ca5112868]
Event: 30.111 Thread 0x00007f2cb4131000 nmethod 1413 0x00007f2ca54efc50 code [0x00007f2ca54efe00, 0x00007f2ca54f0e38]
Event: 30.111 Thread 0x00007f2cb4131000 1417       4       java.lang.String::indexOf (7 bytes)
Event: 30.117 Thread 0x00007f2cb4131000 nmethod 1417 0x00007f2ca54ec250 code [0x00007f2ca54ec3c0, 0x00007f2ca54ec838]
Event: 30.300 Thread 0x00007f2cb4131000 1421       4       java.lang.Class::getName (21 bytes)
Event: 30.301 Thread 0x00007f2cb4131000 nmethod 1421 0x00007f2ca54ecd10 code [0x00007f2ca54ece60, 0x00007f2ca54ecf08]
Event: 30.306 Thread 0x00007f2cb4134000 1422   !   3       com.sun.proxy.$Proxy13::annotationType (29 bytes)
Event: 30.307 Thread 0x00007f2cb4134000 nmethod 1422 0x00007f2ca54ebad0 code [0x00007f2ca54ebc60, 0x00007f2ca54ec078]
Event: 30.367 Thread 0x00007f2cb4131000 1423       4       org.springframework.util.Assert::notNull (14 bytes)
Event: 30.367 Thread 0x00007f2cb4131000 nmethod 1423 0x00007f2ca51bf910 code [0x00007f2ca51bfa60, 0x00007f2ca51bfab8]

GC Heap History (10 events):
Event: 2.359 GC heap after
Heap after GC invocations=2 (full 0):
 PSYoungGen      total 31744K, used 1651K [0x00000000ed980000, 0x00000000efa80000, 0x0000000100000000)
  eden space 29696K, 0% used [0x00000000ed980000,0x00000000ed980000,0x00000000ef680000)
  from space 2048K, 80% used [0x00000000ef880000,0x00000000efa1cd90,0x00000000efa80000)
  to   space 2048K, 0% used [0x00000000ef680000,0x00000000ef680000,0x00000000ef880000)
 ParOldGen       total 38400K, used 16K [0x00000000c8c00000, 0x00000000cb180000, 0x00000000ed980000)
  object space 38400K, 0% used [0x00000000c8c00000,0x00000000c8c04000,0x00000000cb180000)
 Metaspace       used 4923K, capacity 5228K, committed 5504K, reserved 1056768K
  class space    used 537K, capacity 600K, committed 640K, reserved 1048576K
}
Event: 3.578 GC heap before
{Heap before GC invocations=3 (full 0):
 PSYoungGen      total 31744K, used 31347K [0x00000000ed980000, 0x00000000efa80000, 0x0000000100000000)
  eden space 29696K, 100% used [0x00000000ed980000,0x00000000ef680000,0x00000000ef680000)
  from space 2048K, 80% used [0x00000000ef880000,0x00000000efa1cd90,0x00000000efa80000)
  to   space 2048K, 0% used [0x00000000ef680000,0x00000000ef680000,0x00000000ef880000)
 ParOldGen       total 38400K, used 16K [0x00000000c8c00000, 0x00000000cb180000, 0x00000000ed980000)
  object space 38400K, 0% used [0x00000000c8c00000,0x00000000c8c04000,0x00000000cb180000)
 Metaspace       used 6639K, capacity 6734K, committed 7040K, reserved 1056768K
  class space    used 750K, capacity 795K, committed 896K, reserved 1048576K
Event: 3.597 GC heap after
Heap after GC invocations=3 (full 0):
 PSYoungGen      total 31744K, used 2033K [0x00000000ed980000, 0x00000000f1780000, 0x0000000100000000)
  eden space 29696K, 0% used [0x00000000ed980000,0x00000000ed980000,0x00000000ef680000)
  from space 2048K, 99% used [0x00000000ef680000,0x00000000ef87c4d0,0x00000000ef880000)
  to   space 2048K, 0% used [0x00000000f1580000,0x00000000f1580000,0x00000000f1780000)
 ParOldGen       total 38400K, used 588K [0x00000000c8c00000, 0x00000000cb180000, 0x00000000ed980000)
  object space 38400K, 1% used [0x00000000c8c00000,0x00000000c8c93368,0x00000000cb180000)
 Metaspace       used 6639K, capacity 6734K, committed 7040K, reserved 1056768K
  class space    used 750K, capacity 795K, committed 896K, reserved 1048576K
}
Event: 4.111 GC heap before
{Heap before GC invocations=4 (full 0):
 PSYoungGen      total 31744K, used 31729K [0x00000000ed980000, 0x00000000f1780000, 0x0000000100000000)
  eden space 29696K, 100% used [0x00000000ed980000,0x00000000ef680000,0x00000000ef680000)
  from space 2048K, 99% used [0x00000000ef680000,0x00000000ef87c4d0,0x00000000ef880000)
  to   space 2048K, 0% used [0x00000000f1580000,0x00000000f1580000,0x00000000f1780000)
 ParOldGen       total 38400K, used 588K [0x00000000c8c00000, 0x00000000cb180000, 0x00000000ed980000)
  object space 38400K, 1% used [0x00000000c8c00000,0x00000000c8c93368,0x00000000cb180000)
 Metaspace       used 7565K, capacity 7764K, committed 7936K, reserved 1056768K
  class space    used 857K, capacity 924K, committed 1024K, reserved 1048576K
Event: 4.155 GC heap after
Heap after GC invocations=4 (full 0):
 PSYoungGen      total 61440K, used 2032K [0x00000000ed980000, 0x00000000f1780000, 0x0000000100000000)
  eden space 59392K, 0% used [0x00000000ed980000,0x00000000ed980000,0x00000000f1380000)
  from space 2048K, 99% used [0x00000000f1580000,0x00000000f177c010,0x00000000f1780000)
  to   space 2048K, 0% used [0x00000000f1380000,0x00000000f1380000,0x00000000f1580000)
 ParOldGen       total 38400K, used 1241K [0x00000000c8c00000, 0x00000000cb180000, 0x00000000ed980000)
  object space 38400K, 3% used [0x00000000c8c00000,0x00000000c8d36540,0x00000000cb180000)
 Metaspace       used 7565K, capacity 7764K, committed 7936K, reserved 1056768K
  class space    used 857K, capacity 924K, committed 1024K, reserved 1048576K
}
Event: 8.670 GC heap before
{Heap before GC invocations=5 (full 0):
 PSYoungGen      total 61440K, used 61424K [0x00000000ed980000, 0x00000000f1780000, 0x0000000100000000)
  eden space 59392K, 100% used [0x00000000ed980000,0x00000000f1380000,0x00000000f1380000)
  from space 2048K, 99% used [0x00000000f1580000,0x00000000f177c010,0x00000000f1780000)
  to   space 2048K, 0% used [0x00000000f1380000,0x00000000f1380000,0x00000000f1580000)
 ParOldGen       total 38400K, used 1241K [0x00000000c8c00000, 0x00000000cb180000, 0x00000000ed980000)
  object space 38400K, 3% used [0x00000000c8c00000,0x00000000c8d36540,0x00000000cb180000)
 Metaspace       used 10247K, capacity 10388K, committed 10496K, reserved 1058816K
  class space    used 1142K, capacity 1180K, committed 1280K, reserved 1048576K
Event: 8.895 GC heap after
Heap after GC invocations=5 (full 0):
 PSYoungGen      total 61440K, used 2016K [0x00000000ed980000, 0x00000000f5680000, 0x0000000100000000)
  eden space 59392K, 0% used [0x00000000ed980000,0x00000000ed980000,0x00000000f1380000)
  from space 2048K, 98% used [0x00000000f1380000,0x00000000f1578020,0x00000000f1580000)
  to   space 4608K, 0% used [0x00000000f5200000,0x00000000f5200000,0x00000000f5680000)
 ParOldGen       total 38400K, used 3804K [0x00000000c8c00000, 0x00000000cb180000, 0x00000000ed980000)
  object space 38400K, 9% used [0x00000000c8c00000,0x00000000c8fb7228,0x00000000cb180000)
 Metaspace       used 10247K, capacity 10388K, committed 10496K, reserved 1058816K
  class space    used 1142K, capacity 1180K, committed 1280K, reserved 1048576K
}
Event: 12.691 GC heap before
{Heap before GC invocations=6 (full 0):
 PSYoungGen      total 61440K, used 61408K [0x00000000ed980000, 0x00000000f5680000, 0x0000000100000000)
  eden space 59392K, 100% used [0x00000000ed980000,0x00000000f1380000,0x00000000f1380000)
  from space 2048K, 98% used [0x00000000f1380000,0x00000000f1578020,0x00000000f1580000)
  to   space 4608K, 0% used [0x00000000f5200000,0x00000000f5200000,0x00000000f5680000)
 ParOldGen       total 38400K, used 3804K [0x00000000c8c00000, 0x00000000cb180000, 0x00000000ed980000)
  object space 38400K, 9% used [0x00000000c8c00000,0x00000000c8fb7228,0x00000000cb180000)
 Metaspace       used 11367K, capacity 11508K, committed 11648K, reserved 1058816K
  class space    used 1308K, capacity 1340K, committed 1408K, reserved 1048576K
Event: 12.711 GC heap after
Heap after GC invocations=6 (full 0):
 PSYoungGen      total 123392K, used 2989K [0x00000000ed980000, 0x00000000f5680000, 0x0000000100000000)
  eden space 118784K, 0% used [0x00000000ed980000,0x00000000ed980000,0x00000000f4d80000)
  from space 4608K, 64% used [0x00000000f5200000,0x00000000f54eb430,0x00000000f5680000)
  to   space 4608K, 0% used [0x00000000f4d80000,0x00000000f4d80000,0x00000000f5200000)
 ParOldGen       total 38400K, used 3804K [0x00000000c8c00000, 0x00000000cb180000, 0x00000000ed980000)
  object space 38400K, 9% used [0x00000000c8c00000,0x00000000c8fb7228,0x00000000cb180000)
 Metaspace       used 11367K, capacity 11508K, committed 11648K, reserved 1058816K
  class space    used 1308K, capacity 1340K, committed 1408K, reserved 1048576K
}
Event: 30.502 GC heap before
{Heap before GC invocations=7 (full 0):
 PSYoungGen      total 123392K, used 121773K [0x00000000ed980000, 0x00000000f5680000, 0x0000000100000000)
  eden space 118784K, 100% used [0x00000000ed980000,0x00000000f4d80000,0x00000000f4d80000)
  from space 4608K, 64% used [0x00000000f5200000,0x00000000f54eb430,0x00000000f5680000)
  to   space 4608K, 0% used [0x00000000f4d80000,0x00000000f4d80000,0x00000000f5200000)
 ParOldGen       total 38400K, used 3804K [0x00000000c8c00000, 0x00000000cb180000, 0x00000000ed980000)
  object space 38400K, 9% used [0x00000000c8c00000,0x00000000c8fb7228,0x00000000cb180000)
 Metaspace       used 15427K, capacity 15540K, committed 15744K, reserved 1062912K
  class space    used 1867K, capacity 1916K, committed 1920K, reserved 1048576K

Deoptimization events (10 events):
Event: 12.509 Thread 0x00007f2cb4009800 Uncommon trap: reason=predicate action=maybe_recompile pc=0x00007f2ca5355f70 method=java.util.regex.Pattern$Slice.match(Ljava/util/regex/Matcher;ILjava/lang/CharSequence;)Z @ 21
Event: 13.359 Thread 0x00007f2cb4009800 Uncommon trap: reason=class_check action=maybe_recompile pc=0x00007f2ca540fe1c method=java.util.regex.Pattern$Slice.match(Ljava/util/regex/Matcher;ILjava/lang/CharSequence;)Z @ 75
Event: 13.366 Thread 0x00007f2cb4009800 Uncommon trap: reason=class_check action=maybe_recompile pc=0x00007f2ca540fe1c method=java.util.regex.Pattern$Slice.match(Ljava/util/regex/Matcher;ILjava/lang/CharSequence;)Z @ 75
Event: 13.366 Thread 0x00007f2cb4009800 Uncommon trap: reason=class_check action=maybe_recompile pc=0x00007f2ca540fe1c method=java.util.regex.Pattern$Slice.match(Ljava/util/regex/Matcher;ILjava/lang/CharSequence;)Z @ 75
Event: 13.367 Thread 0x00007f2cb4009800 Uncommon trap: reason=class_check action=maybe_recompile pc=0x00007f2ca540fe1c method=java.util.regex.Pattern$Slice.match(Ljava/util/regex/Matcher;ILjava/lang/CharSequence;)Z @ 75
Event: 19.692 Thread 0x00007f2cb4009800 Uncommon trap: reason=null_check action=make_not_entrant pc=0x00007f2ca53e4264 method=java.lang.Boolean.equals(Ljava/lang/Object;)Z @ 1
Event: 26.171 Thread 0x00007f2cb4afc000 Uncommon trap: reason=bimorphic action=maybe_recompile pc=0x00007f2ca52badac method=java.net.URL.<init>(Ljava/net/URL;Ljava/lang/String;Ljava/net/URLStreamHandler;)V @ 504
Event: 29.843 Thread 0x00007f2cb4afc000 Uncommon trap: reason=unstable_if action=reinterpret pc=0x00007f2ca53e0b84 method=java.util.Properties$LineReader.readLine()I @ 252
Event: 29.844 Thread 0x00007f2cb4afc000 Uncommon trap: reason=unstable_if action=reinterpret pc=0x00007f2ca5380b68 method=java.util.Properties$LineReader.readLine()I @ 252
Event: 29.844 Thread 0x00007f2cb4afc000 Uncommon trap: reason=unstable_if action=reinterpret pc=0x00007f2ca52252a4 method=sun.net.www.ParseUtil.encodePath(Ljava/lang/String;Z)Ljava/lang/String; @ 109

Internal exceptions (10 events):
Event: 13.357 Thread 0x00007f2cb4009800 Exception <a 'java/lang/ClassNotFoundException': org/springframework/boot/SpringApplicationCustomizer> (0x00000000edb133b8) thrown at [/tmp/buildd/openjdk-8-8u111-b14/src/hotspot/src/share/vm/classfile/systemDictionary.cpp, line 210]
Event: 19.595 Thread 0x00007f2cb4009800 Implicit null exception at 0x00007f2ca53e420c to 0x00007f2ca53e4255
Event: 24.284 Thread 0x00007f2cb4009800 Exception <a 'java/lang/NoSuchMethodError': org.slf4j.impl.StaticMDCBinder.getSingleton()Lorg/slf4j/impl/StaticMDCBinder;> (0x00000000f1feb478) thrown at [/tmp/buildd/openjdk-8-8u111-b14/src/hotspot/src/share/vm/interpreter/linkResolver.cpp, line 582]
Event: 27.470 Thread 0x00007f2cb4009800 Exception <a 'java/lang/ClassNotFoundException': java/lang/ObjectCustomizer> (0x00000000f2d1ba30) thrown at [/tmp/buildd/openjdk-8-8u111-b14/src/hotspot/src/share/vm/classfile/systemDictionary.cpp, line 210]
Event: 27.491 Thread 0x00007f2cb4009800 Exception <a 'java/lang/ClassNotFoundException': org/springframework/context/annotation/ConfigurationClassPostProcessorCustomizer> (0x00000000f2db5890) thrown at [/tmp/buildd/openjdk-8-8u111-b14/src/hotspot/src/share/vm/classfile/systemDictionary.cpp, lin
Event: 27.510 Thread 0x00007f2cb4009800 Exception <a 'java/lang/ClassNotFoundException': org/springframework/beans/factory/support/BeanDefinitionRegistryPostProcessorCustomizer> (0x00000000f2e647d0) thrown at [/tmp/buildd/openjdk-8-8u111-b14/src/hotspot/src/share/vm/classfile/systemDictionary.c
Event: 27.511 Thread 0x00007f2cb4009800 Exception <a 'java/lang/ClassNotFoundException': org/springframework/core/PriorityOrderedCustomizer> (0x00000000f2ee29a0) thrown at [/tmp/buildd/openjdk-8-8u111-b14/src/hotspot/src/share/vm/classfile/systemDictionary.cpp, line 210]
Event: 27.511 Thread 0x00007f2cb4009800 Exception <a 'java/lang/ClassNotFoundException': org/springframework/context/ResourceLoaderAwareCustomizer> (0x00000000f2f65fc8) thrown at [/tmp/buildd/openjdk-8-8u111-b14/src/hotspot/src/share/vm/classfile/systemDictionary.cpp, line 210]
Event: 27.512 Thread 0x00007f2cb4009800 Exception <a 'java/lang/ClassNotFoundException': org/springframework/beans/factory/BeanClassLoaderAwareCustomizer> (0x00000000f2ff0580) thrown at [/tmp/buildd/openjdk-8-8u111-b14/src/hotspot/src/share/vm/classfile/systemDictionary.cpp, line 210]
Event: 27.513 Thread 0x00007f2cb4009800 Exception <a 'java/lang/ClassNotFoundException': org/springframework/context/EnvironmentAwareCustomizer> (0x00000000f3071c30) thrown at [/tmp/buildd/openjdk-8-8u111-b14/src/hotspot/src/share/vm/classfile/systemDictionary.cpp, line 210]

Events (10 events):
Event: 30.366 loading class org/xml/sax/Attributes done
Event: 30.366 loading class org/apache/tomcat/util/digester/ObjectCreateRule
Event: 30.366 loading class org/apache/tomcat/util/digester/ObjectCreateRule done
Event: 30.367 loading class org/apache/tomcat/util/digester/SetPropertiesRule
Event: 30.367 loading class org/apache/tomcat/util/digester/SetPropertiesRule done
Event: 30.367 loading class org/apache/tomcat/util/digester/SetNextRule
Event: 30.367 loading class org/apache/tomcat/util/digester/SetNextRule done
Event: 30.368 loading class org/springframework/cloud/bootstrap/encrypt/EnvironmentDecryptApplicationInitializer
Event: 30.368 loading class org/springframework/cloud/bootstrap/encrypt/EnvironmentDecryptApplicationInitializer done
Event: 30.494 Executing VM operation: ParallelGCFailedAllocation


Dynamic libraries:
00400000-00401000 r-xp 00000000 fd:08 2124297                            /usr/lib/jvm/java-8-openjdk-amd64/jre/bin/java
00600000-00601000 r--p 00000000 fd:08 2124297                            /usr/lib/jvm/java-8-openjdk-amd64/jre/bin/java
00601000-00602000 rw-p 00001000 fd:08 2124297                            /usr/lib/jvm/java-8-openjdk-amd64/jre/bin/java
00e84000-00ea5000 rw-p 00000000 00:00 0                                  [heap]
c8c00000-cb180000 rw-p 00000000 00:00 0 
cb180000-ed980000 ---p 00000000 00:00 0 
ed980000-f5680000 rw-p 00000000 00:00 0 
fd080000-100000000 ---p 00000000 00:00 0 
100000000-1001e0000 rw-p 00000000 00:00 0 
1001e0000-140000000 ---p 00000000 00:00 0 
7f2c74000000-7f2c74021000 rw-p 00000000 00:00 0 
7f2c74021000-7f2c78000000 ---p 00000000 00:00 0 
7f2c78000000-7f2c78430000 rw-p 00000000 00:00 0 
7f2c78430000-7f2c7c000000 ---p 00000000 00:00 0 
7f2c7c000000-7f2c7c569000 rw-p 00000000 00:00 0 
7f2c7c569000-7f2c80000000 ---p 00000000 00:00 0 
7f2c80000000-7f2c80021000 rw-p 00000000 00:00 0 
7f2c80021000-7f2c84000000 ---p 00000000 00:00 0 
7f2c84000000-7f2c84021000 rw-p 00000000 00:00 0 
7f2c84021000-7f2c88000000 ---p 00000000 00:00 0 
7f2c88000000-7f2c88920000 rw-p 00000000 00:00 0 
7f2c88920000-7f2c8c000000 ---p 00000000 00:00 0 
7f2c8c000000-7f2c8c021000 rw-p 00000000 00:00 0 
7f2c8c021000-7f2c90000000 ---p 00000000 00:00 0 
7f2c90000000-7f2c90021000 rw-p 00000000 00:00 0 
7f2c90021000-7f2c94000000 ---p 00000000 00:00 0 
7f2c96a67000-7f2c96be7000 rw-p 00000000 00:00 0 
7f2c96be7000-7f2c96c67000 ---p 00000000 00:00 0 
7f2c96c67000-7f2c96c70000 r-xp 00000000 fd:08 6368049                    /usr/lib/jvm/java-8-openjdk-amd64/jre/lib/amd64/libmanagement.so
7f2c96c70000-7f2c96e6f000 ---p 00009000 fd:08 6368049                    /usr/lib/jvm/java-8-openjdk-amd64/jre/lib/amd64/libmanagement.so
7f2c96e6f000-7f2c96e70000 r--p 00008000 fd:08 6368049                    /usr/lib/jvm/java-8-openjdk-amd64/jre/lib/amd64/libmanagement.so
7f2c96e70000-7f2c96e71000 rw-p 00009000 fd:08 6368049                    /usr/lib/jvm/java-8-openjdk-amd64/jre/lib/amd64/libmanagement.so
7f2c96e71000-7f2c97071000 rw-p 00000000 00:00 0 
7f2c97071000-7f2c97074000 ---p 00000000 00:00 0 
7f2c97074000-7f2c97473000 rw-p 00000000 00:00 0                          [stack:1407]
7f2c97473000-7f2c9748a000 r-xp 00000000 fd:08 6368051                    /usr/lib/jvm/java-8-openjdk-amd64/jre/lib/amd64/libnet.so
7f2c9748a000-7f2c97689000 ---p 00017000 fd:08 6368051                    /usr/lib/jvm/java-8-openjdk-amd64/jre/lib/amd64/libnet.so
7f2c97689000-7f2c9768a000 r--p 00016000 fd:08 6368051                    /usr/lib/jvm/java-8-openjdk-amd64/jre/lib/amd64/libnet.so
7f2c9768a000-7f2c9768b000 rw-p 00017000 fd:08 6368051                    /usr/lib/jvm/java-8-openjdk-amd64/jre/lib/amd64/libnet.so
7f2c9768b000-7f2c9788b000 rw-p 00000000 00:00 0 
7f2c9788b000-7f2c9788c000 ---p 00000000 00:00 0 
7f2c9788c000-7f2c9798c000 rw-p 00000000 00:00 0                          [stack:1402]
7f2c9798c000-7f2c9798f000 ---p 00000000 00:00 0 
7f2c9798f000-7f2c97a8d000 rw-p 00000000 00:00 0                          [stack:1401]
7f2c97a8d000-7f2c97a90000 ---p 00000000 00:00 0 
7f2c97a90000-7f2c97b8e000 rw-p 00000000 00:00 0                          [stack:1400]
7f2c97b8e000-7f2c97b91000 ---p 00000000 00:00 0 
7f2c97b91000-7f2c97c8f000 rw-p 00000000 00:00 0                          [stack:1399]
7f2c97c8f000-7f2c97c92000 ---p 00000000 00:00 0 
7f2c97c92000-7f2c97d90000 rw-p 00000000 00:00 0                          [stack:1398]
7f2c97d90000-7f2c97eff000 r--p 00000000 fd:08 10486162                   /usr/lib/locale/C.UTF-8/LC_COLLATE
7f2c97eff000-7f2c97f02000 ---p 00000000 00:00 0 
7f2c97f02000-7f2c98000000 rw-p 00000000 00:00 0                          [stack:1397]
7f2c98000000-7f2c98021000 rw-p 00000000 00:00 0 
7f2c98021000-7f2c9c000000 ---p 00000000 00:00 0 
7f2c9c000000-7f2c9c021000 rw-p 00000000 00:00 0 
7f2c9c021000-7f2ca0000000 ---p 00000000 00:00 0 
7f2ca0000000-7f2ca0021000 rw-p 00000000 00:00 0 
7f2ca0021000-7f2ca4000000 ---p 00000000 00:00 0 
7f2ca40d9000-7f2ca40de000 r--s 002f9000 fd:08 4252329                    /usr/lib/jvm/java-8-openjdk-amd64/jre/lib/charsets.jar
7f2ca40de000-7f2ca40f9000 r--s 001d5000 fd:08 14693760                   /usr/lib/jvm/java-8-openjdk-amd64/jre/lib/ext/nashorn.jar
7f2ca40f9000-7f2ca40fc000 ---p 00000000 00:00 0 
7f2ca40fc000-7f2ca41fa000 rw-p 00000000 00:00 0                          [stack:1396]
7f2ca41fa000-7f2ca41fb000 ---p 00000000 00:00 0 
7f2ca41fb000-7f2ca5000000 rw-p 00000000 00:00 0                          [stack:1395]
7f2ca5000000-7f2ca5500000 rwxp 00000000 00:00 0 
7f2ca5500000-7f2cb4000000 ---p 00000000 00:00 0 
7f2cb4000000-7f2cb5b1d000 rw-p 00000000 00:00 0 
7f2cb5b1d000-7f2cb8000000 ---p 00000000 00:00 0 
7f2cb8001000-7f2cb8002000 rw-p 00000000 00:00 0 
7f2cb8002000-7f2cb8008000 r--s 02c4a000 ca:02 50678053                   /app/target/emp_chargecode_master-0.0.1-SNAPSHOT.jar
7f2cb8008000-7f2cb8009000 r--s 00010000 fd:08 14693764                   /usr/lib/jvm/java-8-openjdk-amd64/jre/lib/ext/zipfs.jar
7f2cb8009000-7f2cb800d000 r--s 00037000 fd:08 14693763                   /usr/lib/jvm/java-8-openjdk-amd64/jre/lib/ext/sunpkcs11.jar
7f2cb800d000-7f2cb8012000 r--s 0003b000 fd:08 14693762                   /usr/lib/jvm/java-8-openjdk-amd64/jre/lib/ext/sunjce_provider.jar
7f2cb8012000-7f2cb8014000 r--s 00008000 fd:08 14693761                   /usr/lib/jvm/java-8-openjdk-amd64/jre/lib/ext/sunec.jar
7f2cb8014000-7f2cb801e000 r--s 00116000 fd:08 14693119                   /usr/lib/jvm/java-8-openjdk-amd64/jre/lib/ext/localedata.jar
7f2cb801e000-7f2cb8020000 r--s 00006000 fd:08 27274753                   /usr/share/java/java-atk-wrapper.jar
7f2cb8020000-7f2cb8021000 r--s 0000a000 fd:08 14693116                   /usr/lib/jvm/java-8-openjdk-amd64/jre/lib/ext/jaccess.jar
7f2cb8021000-7f2cb8024000 r--s 0000f000 fd:08 14693115                   /usr/lib/jvm/java-8-openjdk-amd64/jre/lib/ext/icedtea-sound.jar
7f2cb8024000-7f2cb8026000 r--s 00001000 fd:08 14693114                   /usr/lib/jvm/java-8-openjdk-amd64/jre/lib/ext/dnsns.jar
7f2cb8026000-7f2cb8041000 r--s 00394000 fd:08 14693113                   /usr/lib/jvm/java-8-openjdk-amd64/jre/lib/ext/cldrdata.jar
7f2cb8041000-7f2cb8067000 r--p 00000000 fd:08 10486163                   /usr/lib/locale/C.UTF-8/LC_CTYPE
7f2cb8067000-7f2cb8068000 r--p 00000000 fd:08 10486168                   /usr/lib/locale/C.UTF-8/LC_NUMERIC
7f2cb8068000-7f2cb8069000 r--p 00000000 fd:08 10486171                   /usr/lib/locale/C.UTF-8/LC_TIME
7f2cb8069000-7f2cb806a000 r--p 00000000 fd:08 10486166                   /usr/lib/locale/C.UTF-8/LC_MONETARY
7f2cb806a000-7f2cb806b000 r--p 00000000 fd:08 12583114                   /usr/lib/locale/C.UTF-8/LC_MESSAGES/SYS_LC_MESSAGES
7f2cb806b000-7f2cb806c000 r--p 00000000 fd:08 10486169                   /usr/lib/locale/C.UTF-8/LC_PAPER
7f2cb806c000-7f2cb806d000 r--p 00000000 fd:08 10486167                   /usr/lib/locale/C.UTF-8/LC_NAME
7f2cb806d000-7f2cb84be000 rw-p 00000000 00:00 0 
7f2cb84be000-7f2cb868c000 r--s 03bf1000 fd:08 4252347                    /usr/lib/jvm/java-8-openjdk-amd64/jre/lib/rt.jar
7f2cb868c000-7f2cba3e6000 rw-p 00000000 00:00 0 
7f2cba3e6000-7f2cba3e7000 ---p 00000000 00:00 0 
7f2cba3e7000-7f2cba4e7000 rw-p 00000000 00:00 0                          [stack:1394]
7f2cba4e7000-7f2cba4e8000 ---p 00000000 00:00 0 
7f2cba4e8000-7f2cba5fb000 rw-p 00000000 00:00 0                          [stack:1393]
7f2cba5fb000-7f2cba70f000 ---p 00000000 00:00 0 
7f2cba70f000-7f2cba722000 rw-p 00000000 00:00 0 
7f2cba722000-7f2cba835000 ---p 00000000 00:00 0 
7f2cba835000-7f2cba875000 rw-p 00000000 00:00 0 
7f2cba875000-7f2cba8c9000 ---p 00000000 00:00 0 
7f2cba8c9000-7f2cba8de000 rw-p 00000000 00:00 0 
7f2cba8de000-7f2cbac8a000 ---p 00000000 00:00 0 
7f2cbac8a000-7f2cbac92000 r-xp 00000000 fd:08 6368060                    /usr/lib/jvm/java-8-openjdk-amd64/jre/lib/amd64/libzip.so
7f2cbac92000-7f2cbae91000 ---p 00008000 fd:08 6368060                    /usr/lib/jvm/java-8-openjdk-amd64/jre/lib/amd64/libzip.so
7f2cbae91000-7f2cbae92000 r--p 00007000 fd:08 6368060                    /usr/lib/jvm/java-8-openjdk-amd64/jre/lib/amd64/libzip.so
7f2cbae92000-7f2cbae93000 rw-p 00008000 fd:08 6368060                    /usr/lib/jvm/java-8-openjdk-amd64/jre/lib/amd64/libzip.so
7f2cbae93000-7f2cbae9e000 r-xp 00000000 fd:08 8388813                    /lib/x86_64-linux-gnu/libnss_files-2.19.so
7f2cbae9e000-7f2cbb09d000 ---p 0000b000 fd:08 8388813                    /lib/x86_64-linux-gnu/libnss_files-2.19.so
7f2cbb09d000-7f2cbb09e000 r--p 0000a000 fd:08 8388813                    /lib/x86_64-linux-gnu/libnss_files-2.19.so
7f2cbb09e000-7f2cbb09f000 rw-p 0000b000 fd:08 8388813                    /lib/x86_64-linux-gnu/libnss_files-2.19.so
7f2cbb09f000-7f2cbb0a9000 r-xp 00000000 fd:08 8388817                    /lib/x86_64-linux-gnu/libnss_nis-2.19.so
7f2cbb0a9000-7f2cbb2a8000 ---p 0000a000 fd:08 8388817                    /lib/x86_64-linux-gnu/libnss_nis-2.19.so
7f2cbb2a8000-7f2cbb2a9000 r--p 00009000 fd:08 8388817                    /lib/x86_64-linux-gnu/libnss_nis-2.19.so
7f2cbb2a9000-7f2cbb2aa000 rw-p 0000a000 fd:08 8388817                    /lib/x86_64-linux-gnu/libnss_nis-2.19.so
7f2cbb2aa000-7f2cbb2bf000 r-xp 00000000 fd:08 8388807                    /lib/x86_64-linux-gnu/libnsl-2.19.so
7f2cbb2bf000-7f2cbb4be000 ---p 00015000 fd:08 8388807                    /lib/x86_64-linux-gnu/libnsl-2.19.so
7f2cbb4be000-7f2cbb4bf000 r--p 00014000 fd:08 8388807                    /lib/x86_64-linux-gnu/libnsl-2.19.so
7f2cbb4bf000-7f2cbb4c0000 rw-p 00015000 fd:08 8388807                    /lib/x86_64-linux-gnu/libnsl-2.19.so
7f2cbb4c0000-7f2cbb4c2000 rw-p 00000000 00:00 0 
7f2cbb4c2000-7f2cbb4c9000 r-xp 00000000 fd:08 8388809                    /lib/x86_64-linux-gnu/libnss_compat-2.19.so
7f2cbb4c9000-7f2cbb6c8000 ---p 00007000 fd:08 8388809                    /lib/x86_64-linux-gnu/libnss_compat-2.19.so
7f2cbb6c8000-7f2cbb6c9000 r--p 00006000 fd:08 8388809                    /lib/x86_64-linux-gnu/libnss_compat-2.19.so
7f2cbb6c9000-7f2cbb6ca000 rw-p 00007000 fd:08 8388809                    /lib/x86_64-linux-gnu/libnss_compat-2.19.so
7f2cbb6ca000-7f2cbb6f8000 r-xp 00000000 fd:08 6368039                    /usr/lib/jvm/java-8-openjdk-amd64/jre/lib/amd64/libjava.so
7f2cbb6f8000-7f2cbb8f7000 ---p 0002e000 fd:08 6368039                    /usr/lib/jvm/java-8-openjdk-amd64/jre/lib/amd64/libjava.so
7f2cbb8f7000-7f2cbb8f8000 r--p 0002d000 fd:08 6368039                    /usr/lib/jvm/java-8-openjdk-amd64/jre/lib/amd64/libjava.so
7f2cbb8f8000-7f2cbb8fa000 rw-p 0002e000 fd:08 6368039                    /usr/lib/jvm/java-8-openjdk-amd64/jre/lib/amd64/libjava.so
7f2cbb8fa000-7f2cbb909000 r-xp 00000000 fd:08 6368059                    /usr/lib/jvm/java-8-openjdk-amd64/jre/lib/amd64/libverify.so
7f2cbb909000-7f2cbbb09000 ---p 0000f000 fd:08 6368059                    /usr/lib/jvm/java-8-openjdk-amd64/jre/lib/amd64/libverify.so
7f2cbbb09000-7f2cbbb0c000 r--p 0000f000 fd:08 6368059                    /usr/lib/jvm/java-8-openjdk-amd64/jre/lib/amd64/libverify.so
7f2cbbb0c000-7f2cbbb0d000 rw-p 00012000 fd:08 6368059                    /usr/lib/jvm/java-8-openjdk-amd64/jre/lib/amd64/libverify.so
7f2cbbb0d000-7f2cbbb14000 r-xp 00000000 fd:08 8388838                    /lib/x86_64-linux-gnu/librt-2.19.so
7f2cbbb14000-7f2cbbd13000 ---p 00007000 fd:08 8388838                    /lib/x86_64-linux-gnu/librt-2.19.so
7f2cbbd13000-7f2cbbd14000 r--p 00006000 fd:08 8388838                    /lib/x86_64-linux-gnu/librt-2.19.so
7f2cbbd14000-7f2cbbd15000 rw-p 00007000 fd:08 8388838                    /lib/x86_64-linux-gnu/librt-2.19.so
7f2cbbd15000-7f2cbbd2b000 r-xp 00000000 fd:08 8388787                    /lib/x86_64-linux-gnu/libgcc_s.so.1
7f2cbbd2b000-7f2cbbf2a000 ---p 00016000 fd:08 8388787                    /lib/x86_64-linux-gnu/libgcc_s.so.1
7f2cbbf2a000-7f2cbbf2b000 rw-p 00015000 fd:08 8388787                    /lib/x86_64-linux-gnu/libgcc_s.so.1
7f2cbbf2b000-7f2cbc02b000 r-xp 00000000 fd:08 8388798                    /lib/x86_64-linux-gnu/libm-2.19.so
7f2cbc02b000-7f2cbc22a000 ---p 00100000 fd:08 8388798                    /lib/x86_64-linux-gnu/libm-2.19.so
7f2cbc22a000-7f2cbc22b000 r--p 000ff000 fd:08 8388798                    /lib/x86_64-linux-gnu/libm-2.19.so
7f2cbc22b000-7f2cbc22c000 rw-p 00100000 fd:08 8388798                    /lib/x86_64-linux-gnu/libm-2.19.so
7f2cbc22c000-7f2cbc318000 r-xp 00000000 fd:08 18874547                   /usr/lib/x86_64-linux-gnu/libstdc++.so.6.0.20
7f2cbc318000-7f2cbc518000 ---p 000ec000 fd:08 18874547                   /usr/lib/x86_64-linux-gnu/libstdc++.so.6.0.20
7f2cbc518000-7f2cbc520000 r--p 000ec000 fd:08 18874547                   /usr/lib/x86_64-linux-gnu/libstdc++.so.6.0.20
7f2cbc520000-7f2cbc522000 rw-p 000f4000 fd:08 18874547                   /usr/lib/x86_64-linux-gnu/libstdc++.so.6.0.20
7f2cbc522000-7f2cbc537000 rw-p 00000000 00:00 0 
7f2cbc537000-7f2cbd1ce000 r-xp 00000000 fd:08 10503714                   /usr/lib/jvm/java-8-openjdk-amd64/jre/lib/amd64/server/libjvm.so
7f2cbd1ce000-7f2cbd3cd000 ---p 00c97000 fd:08 10503714                   /usr/lib/jvm/java-8-openjdk-amd64/jre/lib/amd64/server/libjvm.so
7f2cbd3cd000-7f2cbd470000 r--p 00e96000 fd:08 10503714                   /usr/lib/jvm/java-8-openjdk-amd64/jre/lib/amd64/server/libjvm.so
7f2cbd470000-7f2cbd499000 rw-p 00f39000 fd:08 10503714                   /usr/lib/jvm/java-8-openjdk-amd64/jre/lib/amd64/server/libjvm.so
7f2cbd499000-7f2cbd4ca000 rw-p 00000000 00:00 0 
7f2cbd4ca000-7f2cbd66b000 r-xp 00000000 fd:08 8388768                    /lib/x86_64-linux-gnu/libc-2.19.so
7f2cbd66b000-7f2cbd86b000 ---p 001a1000 fd:08 8388768                    /lib/x86_64-linux-gnu/libc-2.19.so
7f2cbd86b000-7f2cbd86f000 r--p 001a1000 fd:08 8388768                    /lib/x86_64-linux-gnu/libc-2.19.so
7f2cbd86f000-7f2cbd871000 rw-p 001a5000 fd:08 8388768                    /lib/x86_64-linux-gnu/libc-2.19.so
7f2cbd871000-7f2cbd875000 rw-p 00000000 00:00 0 
7f2cbd875000-7f2cbd878000 r-xp 00000000 fd:08 8388781                    /lib/x86_64-linux-gnu/libdl-2.19.so
7f2cbd878000-7f2cbda77000 ---p 00003000 fd:08 8388781                    /lib/x86_64-linux-gnu/libdl-2.19.so
7f2cbda77000-7f2cbda78000 r--p 00002000 fd:08 8388781                    /lib/x86_64-linux-gnu/libdl-2.19.so
7f2cbda78000-7f2cbda79000 rw-p 00003000 fd:08 8388781                    /lib/x86_64-linux-gnu/libdl-2.19.so
7f2cbda79000-7f2cbda87000 r-xp 00000000 fd:08 8429062                    /usr/lib/jvm/java-8-openjdk-amd64/jre/lib/amd64/jli/libjli.so
7f2cbda87000-7f2cbdc86000 ---p 0000e000 fd:08 8429062                    /usr/lib/jvm/java-8-openjdk-amd64/jre/lib/amd64/jli/libjli.so
7f2cbdc86000-7f2cbdc87000 r--p 0000d000 fd:08 8429062                    /usr/lib/jvm/java-8-openjdk-amd64/jre/lib/amd64/jli/libjli.so
7f2cbdc87000-7f2cbdc88000 rw-p 0000e000 fd:08 8429062                    /usr/lib/jvm/java-8-openjdk-amd64/jre/lib/amd64/jli/libjli.so
7f2cbdc88000-7f2cbdca2000 r-xp 00000000 fd:08 8388863                    /lib/x86_64-linux-gnu/libz.so.1.2.8
7f2cbdca2000-7f2cbdea1000 ---p 0001a000 fd:08 8388863                    /lib/x86_64-linux-gnu/libz.so.1.2.8
7f2cbdea1000-7f2cbdea2000 r--p 00019000 fd:08 8388863                    /lib/x86_64-linux-gnu/libz.so.1.2.8
7f2cbdea2000-7f2cbdea3000 rw-p 0001a000 fd:08 8388863                    /lib/x86_64-linux-gnu/libz.so.1.2.8
7f2cbdea3000-7f2cbdebb000 r-xp 00000000 fd:08 8388832                    /lib/x86_64-linux-gnu/libpthread-2.19.so
7f2cbdebb000-7f2cbe0ba000 ---p 00018000 fd:08 8388832                    /lib/x86_64-linux-gnu/libpthread-2.19.so
7f2cbe0ba000-7f2cbe0bb000 r--p 00017000 fd:08 8388832                    /lib/x86_64-linux-gnu/libpthread-2.19.so
7f2cbe0bb000-7f2cbe0bc000 rw-p 00018000 fd:08 8388832                    /lib/x86_64-linux-gnu/libpthread-2.19.so
7f2cbe0bc000-7f2cbe0c0000 rw-p 00000000 00:00 0 
7f2cbe0c0000-7f2cbe0e0000 r-xp 00000000 fd:08 8388750                    /lib/x86_64-linux-gnu/ld-2.19.so
7f2cbe0e0000-7f2cbe0e7000 r--s 00000000 fd:08 23078038                   /usr/lib/x86_64-linux-gnu/gconv/gconv-modules.cache
7f2cbe0e7000-7f2cbe1ca000 rw-p 00000000 00:00 0 
7f2cbe1ca000-7f2cbe1d2000 rw-s 00000000 fd:08 4252319                    /tmp/hsperfdata_root/1
7f2cbe1d2000-7f2cbe1d5000 ---p 00000000 00:00 0 
7f2cbe1d5000-7f2cbe2d8000 rw-p 00000000 00:00 0                          [stack:1392]
7f2cbe2d8000-7f2cbe2d9000 r--p 00000000 fd:08 10486161                   /usr/lib/locale/C.UTF-8/LC_ADDRESS
7f2cbe2d9000-7f2cbe2da000 r--p 00000000 fd:08 10486170                   /usr/lib/locale/C.UTF-8/LC_TELEPHONE
7f2cbe2da000-7f2cbe2db000 r--p 00000000 fd:08 10486165                   /usr/lib/locale/C.UTF-8/LC_MEASUREMENT
7f2cbe2db000-7f2cbe2dc000 r--p 00000000 fd:08 10486164                   /usr/lib/locale/C.UTF-8/LC_IDENTIFICATION
7f2cbe2dc000-7f2cbe2dd000 rw-p 00000000 00:00 0 
7f2cbe2dd000-7f2cbe2de000 ---p 00000000 00:00 0 
7f2cbe2de000-7f2cbe2e0000 rw-p 00000000 00:00 0 
7f2cbe2e0000-7f2cbe2e1000 r--p 00020000 fd:08 8388750                    /lib/x86_64-linux-gnu/ld-2.19.so
7f2cbe2e1000-7f2cbe2e2000 rw-p 00021000 fd:08 8388750                    /lib/x86_64-linux-gnu/ld-2.19.so
7f2cbe2e2000-7f2cbe2e3000 rw-p 00000000 00:00 0 
7fff9fbaf000-7fff9fbd0000 rw-p 00000000 00:00 0                          [stack]
7fff9fbef000-7fff9fbf1000 r-xp 00000000 00:00 0                          [vdso]
ffffffffff600000-ffffffffff601000 r-xp 00000000 00:00 0                  [vsyscall]

VM Arguments:
java_command: target/emp_chargecode_master-0.0.1-SNAPSHOT.jar
java_class_path (initial): target/emp_chargecode_master-0.0.1-SNAPSHOT.jar
Launcher Type: SUN_STANDARD

Environment Variables:
JAVA_HOME=/usr/lib/jvm/java-8-openjdk-amd64
PATH=/usr/local/sbin:/usr/local/bin:/usr/sbin:/usr/bin:/sbin:/bin

Signal Handlers:
SIGSEGV: [libjvm.so+0xa966f0], sa_mask[0]=11111111011111111101111111111110, sa_flags=SA_RESTART|SA_SIGINFO
SIGBUS: [libjvm.so+0xa966f0], sa_mask[0]=11111111011111111101111111111110, sa_flags=SA_RESTART|SA_SIGINFO
SIGFPE: [libjvm.so+0x8dda60], sa_mask[0]=11111111011111111101111111111110, sa_flags=SA_RESTART|SA_SIGINFO
SIGPIPE: [libjvm.so+0x8dda60], sa_mask[0]=11111111011111111101111111111110, sa_flags=SA_RESTART|SA_SIGINFO
SIGXFSZ: [libjvm.so+0x8dda60], sa_mask[0]=11111111011111111101111111111110, sa_flags=SA_RESTART|SA_SIGINFO
SIGILL: [libjvm.so+0x8dda60], sa_mask[0]=11111111011111111101111111111110, sa_flags=SA_RESTART|SA_SIGINFO
SIGUSR1: SIG_DFL, sa_mask[0]=00000000000000000000000000000000, sa_flags=none
SIGUSR2: [libjvm.so+0x8dd910], sa_mask[0]=00000000000000000000000000000000, sa_flags=SA_RESTART|SA_SIGINFO
SIGHUP: [libjvm.so+0x8ddb30], sa_mask[0]=11111111011111111101111111111110, sa_flags=SA_RESTART|SA_SIGINFO
SIGINT: [libjvm.so+0x8ddb30], sa_mask[0]=11111111011111111101111111111110, sa_flags=SA_RESTART|SA_SIGINFO
SIGTERM: [libjvm.so+0x8ddb30], sa_mask[0]=11111111011111111101111111111110, sa_flags=SA_RESTART|SA_SIGINFO
SIGQUIT: [libjvm.so+0x8ddb30], sa_mask[0]=11111111011111111101111111111110, sa_flags=SA_RESTART|SA_SIGINFO


---------------  S Y S T E M  ---------------

OS:PRETTY_NAME="Debian GNU/Linux 8 (jessie)"
NAME="Debian GNU/Linux"
VERSION_ID="8"
VERSION="8 (jessie)"
ID=debian
HOME_URL="http://www.debian.org/"
SUPPORT_URL="http://www.debian.org/support"
BUG_REPORT_URL="https://bugs.debian.org/"

uname:Linux 3.10.0-514.el7.x86_64 #1 SMP Wed Oct 19 11:24:13 EDT 2016 x86_64
libc:glibc 2.19 NPTL 2.19 
rlimit: STACK 8192k, CORE infinity, NPROC infinity, NOFILE 65536, AS infinity
load average:23.32 9.79 4.43

/proc/meminfo:
MemTotal:        3618512 kB
MemFree:           84544 kB
MemAvailable:      39872 kB
Buffers:               0 kB
Cached:           135252 kB
SwapCached:            0 kB
Active:          3270360 kB
Inactive:          91848 kB
Active(anon):    3227624 kB
Inactive(anon):    24788 kB
Active(file):      42736 kB
Inactive(file):    67060 kB
Unevictable:           0 kB
Mlocked:               0 kB
SwapTotal:             0 kB
SwapFree:              0 kB
Dirty:               120 kB
Writeback:             0 kB
AnonPages:       3227072 kB
Mapped:            29760 kB
Shmem:             25392 kB
Slab:              82304 kB
SReclaimable:      31932 kB
SUnreclaim:        50372 kB
KernelStack:       13456 kB
PageTables:        18624 kB
NFS_Unstable:          0 kB
Bounce:                0 kB
WritebackTmp:          0 kB
CommitLimit:     1809256 kB
Committed_AS:    6423312 kB
VmallocTotal:   34359738367 kB
VmallocUsed:       27932 kB
VmallocChunk:   34359669760 kB
HardwareCorrupted:     0 kB
AnonHugePages:   1683456 kB
HugePages_Total:       0
HugePages_Free:        0
HugePages_Rsvd:        0
HugePages_Surp:        0
Hugepagesize:       2048 kB
DirectMap4k:       69632 kB
DirectMap2M:     4124672 kB


CPU:total 2 (2 cores per cpu, 1 threads per core) family 6 model 63 stepping 2, cmov, cx8, fxsr, mmx, sse, sse2, sse3, ssse3, sse4.1, sse4.2, popcnt, avx, avx2, aes, clmul, erms, lzcnt, tsc, bmi1, bmi2

/proc/cpuinfo:
processor	: 0
vendor_id	: GenuineIntel
cpu family	: 6
model		: 63
model name	: Intel(R) Xeon(R) CPU E5-2676 v3 @ 2.40GHz
stepping	: 2
microcode	: 0x25
cpu MHz		: 2400.026
cache size	: 30720 KB
physical id	: 0
siblings	: 2
core id		: 0
cpu cores	: 2
apicid		: 0
initial apicid	: 0
fpu		: yes
fpu_exception	: yes
cpuid level	: 13
wp		: yes
flags		: fpu vme de pse tsc msr pae mce cx8 apic sep mtrr pge mca cmov pat pse36 clflush mmx fxsr sse sse2 ht syscall nx rdtscp lm constant_tsc rep_good nopl xtopology eagerfpu pni pclmulqdq ssse3 fma cx16 pcid sse4_1 sse4_2 x2apic movbe popcnt tsc_deadline_timer aes xsave avx f16c rdrand hypervisor lahf_lm abm fsgsbase bmi1 avx2 smep bmi2 erms invpcid xsaveopt
bogomips	: 4800.11
clflush size	: 64
cache_alignment	: 64
address sizes	: 46 bits physical, 48 bits virtual
power management:

processor	: 1
vendor_id	: GenuineIntel
cpu family	: 6
model		: 63
model name	: Intel(R) Xeon(R) CPU E5-2676 v3 @ 2.40GHz
stepping	: 2
microcode	: 0x25
cpu MHz		: 2400.026
cache size	: 30720 KB
physical id	: 0
siblings	: 2
core id		: 1
cpu cores	: 2
apicid		: 2
initial apicid	: 2
fpu		: yes
fpu_exception	: yes
cpuid level	: 13
wp		: yes
flags		: fpu vme de pse tsc msr pae mce cx8 apic sep mtrr pge mca cmov pat pse36 clflush mmx fxsr sse sse2 ht syscall nx rdtscp lm constant_tsc rep_good nopl xtopology eagerfpu pni pclmulqdq ssse3 fma cx16 pcid sse4_1 sse4_2 x2apic movbe popcnt tsc_deadline_timer aes xsave avx f16c rdrand hypervisor lahf_lm abm fsgsbase bmi1 avx2 smep bmi2 erms invpcid xsaveopt
bogomips	: 4800.11
clflush size	: 64
cache_alignment	: 64
address sizes	: 46 bits physical, 48 bits virtual
power management:



Memory: 4k page, physical 3618512k(84544k free), swap 0k(0k free)

vm_info: OpenJDK 64-Bit Server VM (25.111-b14) for linux-amd64 JRE (1.8.0_111-8u111-b14-2~bpo8+1-b14), built on Oct 25 2016 14:12:04 by "pbuilder" with gcc 4.9.2

time: Wed Jan  4 13:02:04 2017
elapsed time: 42 seconds (0d 0h 0m 42s)

