2017-01-02 17:20:59.910  INFO 7020 --- [main] a.m.e.c.m.EmpChargecodeMasterApplication : Starting EmpChargecodeMasterApplication on M5-L-2VT8102 with PID 7020 (C:\spring-boot\emp_chargecode_master\target\classes started by mahima.agarwal in C:\spring-boot\emp_chargecode_master)
2017-01-02 17:20:59.916  INFO 7020 --- [main] a.m.e.c.m.EmpChargecodeMasterApplication : No active profile set, falling back to default profiles: default
2017-01-02 17:21:00.790  INFO 7020 --- [main] ationConfigEmbeddedWebApplicationContext : Refreshing org.springframework.boot.context.embedded.AnnotationConfigEmbeddedWebApplicationContext@49139829: startup date [Mon Jan 02 17:21:00 IST 2017]; root of context hierarchy
2017-01-02 17:21:09.264  INFO 7020 --- [main] trationDelegate$BeanPostProcessorChecker : Bean 'org.springframework.ws.config.annotation.DelegatingWsConfiguration' of type [class org.springframework.ws.config.annotation.DelegatingWsConfiguration$$EnhancerBySpringCGLIB$$ae4a6657] is not eligible for getting processed by all BeanPostProcessors (for example: not eligible for auto-proxying)
2017-01-02 17:21:09.447  INFO 7020 --- [main] .w.s.a.s.AnnotationActionEndpointMapping : Supporting [WS-Addressing August 2004, WS-Addressing 1.0]
2017-01-02 17:21:10.815  INFO 7020 --- [main] s.b.c.e.t.TomcatEmbeddedServletContainer : Tomcat initialized with port(s): 8082 (http)
2017-01-02 17:21:10.853  INFO 7020 --- [main] o.apache.catalina.core.StandardService   : Starting service Tomcat
2017-01-02 17:21:10.855  INFO 7020 --- [main] org.apache.catalina.core.StandardEngine  : Starting Servlet Engine: Apache Tomcat/8.5.5
2017-01-02 17:21:11.493  INFO 7020 --- [localhost-startStop-1] o.a.c.c.C.[Tomcat].[localhost].[/]       : Initializing Spring embedded WebApplicationContext
2017-01-02 17:21:11.494  INFO 7020 --- [localhost-startStop-1] o.s.web.context.ContextLoader            : Root WebApplicationContext: initialization completed in 10724 ms
2017-01-02 17:21:11.878  INFO 7020 --- [localhost-startStop-1] o.s.b.w.servlet.ServletRegistrationBean  : Mapping servlet: 'dispatcherServlet' to [/]
2017-01-02 17:21:11.880  INFO 7020 --- [localhost-startStop-1] o.s.b.w.servlet.ServletRegistrationBean  : Mapping servlet: 'messageDispatcherServlet' to [/services/*]
2017-01-02 17:21:11.902  INFO 7020 --- [localhost-startStop-1] o.s.b.w.servlet.FilterRegistrationBean   : Mapping filter: 'characterEncodingFilter' to: [/*]
2017-01-02 17:21:11.918  INFO 7020 --- [localhost-startStop-1] o.s.b.w.servlet.FilterRegistrationBean   : Mapping filter: 'hiddenHttpMethodFilter' to: [/*]
2017-01-02 17:21:11.919  INFO 7020 --- [localhost-startStop-1] o.s.b.w.servlet.FilterRegistrationBean   : Mapping filter: 'httpPutFormContentFilter' to: [/*]
2017-01-02 17:21:11.919  INFO 7020 --- [localhost-startStop-1] o.s.b.w.servlet.FilterRegistrationBean   : Mapping filter: 'requestContextFilter' to: [/*]
2017-01-02 17:21:12.918  INFO 7020 --- [main] s.w.s.m.m.a.RequestMappingHandlerAdapter : Looking for @ControllerAdvice: org.springframework.boot.context.embedded.AnnotationConfigEmbeddedWebApplicationContext@49139829: startup date [Mon Jan 02 17:21:00 IST 2017]; root of context hierarchy
2017-01-02 17:21:13.098  INFO 7020 --- [main] s.w.s.m.m.a.RequestMappingHandlerMapping : Mapped "{[/chargecodes/{wbs}/employees/{empid}],methods=[GET]}" onto public com.accenture.microservices.emp.chargecode.domain.vo.ChargeCode com.accenture.microservices.emp.chargecode.web.ChargeCodeMasterController.isChargeCodeAuthorized(java.lang.String,java.lang.Integer)
2017-01-02 17:21:13.100  INFO 7020 --- [main] s.w.s.m.m.a.RequestMappingHandlerMapping : Mapped "{[/chargecodes/{wbs}],methods=[GET]}" onto public com.accenture.microservices.emp.chargecode.domain.vo.ChargeCode com.accenture.microservices.emp.chargecode.web.ChargeCodeMasterController.validateChargeCode(java.lang.String)
2017-01-02 17:21:13.102  INFO 7020 --- [main] s.w.s.m.m.a.RequestMappingHandlerMapping : Mapped "{[/error]}" onto public org.springframework.http.ResponseEntity<java.util.Map<java.lang.String, java.lang.Object>> org.springframework.boot.autoconfigure.web.BasicErrorController.error(javax.servlet.http.HttpServletRequest)
2017-01-02 17:21:13.103  INFO 7020 --- [main] s.w.s.m.m.a.RequestMappingHandlerMapping : Mapped "{[/error],produces=[text/html]}" onto public org.springframework.web.servlet.ModelAndView org.springframework.boot.autoconfigure.web.BasicErrorController.errorHtml(javax.servlet.http.HttpServletRequest,javax.servlet.http.HttpServletResponse)
2017-01-02 17:21:13.149  INFO 7020 --- [main] o.s.w.s.handler.SimpleUrlHandlerMapping  : Mapped URL path [/webjars/**] onto handler of type [class org.springframework.web.servlet.resource.ResourceHttpRequestHandler]
2017-01-02 17:21:13.150  INFO 7020 --- [main] o.s.w.s.handler.SimpleUrlHandlerMapping  : Mapped URL path [/**] onto handler of type [class org.springframework.web.servlet.resource.ResourceHttpRequestHandler]
2017-01-02 17:21:13.255  INFO 7020 --- [main] o.s.w.s.handler.SimpleUrlHandlerMapping  : Mapped URL path [/**/favicon.ico] onto handler of type [class org.springframework.web.servlet.resource.ResourceHttpRequestHandler]
2017-01-02 17:21:13.699  INFO 7020 --- [main] o.s.j.e.a.AnnotationMBeanExporter        : Registering beans for JMX exposure on startup
2017-01-02 17:21:14.449  INFO 7020 --- [main] s.b.c.e.t.TomcatEmbeddedServletContainer : Tomcat started on port(s): 8082 (http)
2017-01-02 17:21:14.456  INFO 7020 --- [main] a.m.e.c.m.EmpChargecodeMasterApplication : Started EmpChargecodeMasterApplication in 17.314 seconds (JVM running for 24.283)
2017-01-02 17:25:09.118  INFO 7020 --- [http-nio-8082-exec-1] o.a.c.c.C.[Tomcat].[localhost].[/]       : Initializing Spring FrameworkServlet 'dispatcherServlet'
2017-01-02 17:25:09.119  INFO 7020 --- [http-nio-8082-exec-1] o.s.web.servlet.DispatcherServlet        : FrameworkServlet 'dispatcherServlet': initialization started
2017-01-02 17:25:09.253  INFO 7020 --- [http-nio-8082-exec-1] o.s.web.servlet.DispatcherServlet        : FrameworkServlet 'dispatcherServlet': initialization completed in 133 ms
2017-01-02 17:47:00.393  INFO 7020 --- [RMI TCP Connection(3)-10.234.113.142] inMXBeanRegistrar$SpringApplicationAdmin : Application shutdown requested.
2017-01-02 17:47:00.395  INFO 7020 --- [RMI TCP Connection(4)-10.234.113.142] inMXBeanRegistrar$SpringApplicationAdmin : Application shutdown requested.
2017-01-02 17:47:00.709  INFO 7020 --- [RMI TCP Connection(3)-10.234.113.142] ationConfigEmbeddedWebApplicationContext : Closing org.springframework.boot.context.embedded.AnnotationConfigEmbeddedWebApplicationContext@49139829: startup date [Mon Jan 02 17:21:00 IST 2017]; root of context hierarchy
2017-01-02 17:47:02.292  INFO 7020 --- [RMI TCP Connection(3)-10.234.113.142] o.s.j.e.a.AnnotationMBeanExporter        : Unregistering JMX-exposed beans on shutdown
2017-01-03 12:25:41.806  INFO 15396 --- [main] .c.m.EmpChargecodeMasterApplicationTests : Starting EmpChargecodeMasterApplicationTests on M5-L-2VT8102 with PID 15396 (started by mahima.agarwal in C:\spring-boot\emp_chargecode_master)
2017-01-03 12:25:41.813  INFO 15396 --- [main] .c.m.EmpChargecodeMasterApplicationTests : No active profile set, falling back to default profiles: default
2017-01-03 12:25:41.912  INFO 15396 --- [main] o.s.w.c.s.GenericWebApplicationContext   : Refreshing org.springframework.web.context.support.GenericWebApplicationContext@43dac38f: startup date [Tue Jan 03 12:25:41 IST 2017]; root of context hierarchy
2017-01-03 12:25:45.273  INFO 15396 --- [main] trationDelegate$BeanPostProcessorChecker : Bean 'org.springframework.ws.config.annotation.DelegatingWsConfiguration' of type [class org.springframework.ws.config.annotation.DelegatingWsConfiguration$$EnhancerBySpringCGLIB$$d151d902] is not eligible for getting processed by all BeanPostProcessors (for example: not eligible for auto-proxying)
2017-01-03 12:25:45.393  INFO 15396 --- [main] .w.s.a.s.AnnotationActionEndpointMapping : Supporting [WS-Addressing August 2004, WS-Addressing 1.0]
2017-01-03 12:25:46.873  INFO 15396 --- [main] s.w.s.m.m.a.RequestMappingHandlerAdapter : Looking for @ControllerAdvice: org.springframework.web.context.support.GenericWebApplicationContext@43dac38f: startup date [Tue Jan 03 12:25:41 IST 2017]; root of context hierarchy
2017-01-03 12:25:47.060  INFO 15396 --- [main] s.w.s.m.m.a.RequestMappingHandlerMapping : Mapped "{[/chargecodes/{wbs}],methods=[GET]}" onto public com.accenture.microservices.emp.chargecode.domain.vo.ChargeCode com.accenture.microservices.emp.chargecode.web.ChargeCodeMasterController.validateChargeCode(java.lang.String)
2017-01-03 12:25:47.062  INFO 15396 --- [main] s.w.s.m.m.a.RequestMappingHandlerMapping : Mapped "{[/chargecodes/{wbs}/employees/{empid}],methods=[GET]}" onto public com.accenture.microservices.emp.chargecode.domain.vo.ChargeCode com.accenture.microservices.emp.chargecode.web.ChargeCodeMasterController.isChargeCodeAuthorized(java.lang.String,java.lang.Integer)
2017-01-03 12:25:47.066  INFO 15396 --- [main] s.w.s.m.m.a.RequestMappingHandlerMapping : Mapped "{[/error]}" onto public org.springframework.http.ResponseEntity<java.util.Map<java.lang.String, java.lang.Object>> org.springframework.boot.autoconfigure.web.BasicErrorController.error(javax.servlet.http.HttpServletRequest)
2017-01-03 12:25:47.067  INFO 15396 --- [main] s.w.s.m.m.a.RequestMappingHandlerMapping : Mapped "{[/error],produces=[text/html]}" onto public org.springframework.web.servlet.ModelAndView org.springframework.boot.autoconfigure.web.BasicErrorController.errorHtml(javax.servlet.http.HttpServletRequest,javax.servlet.http.HttpServletResponse)
2017-01-03 12:25:47.142  INFO 15396 --- [main] o.s.w.s.handler.SimpleUrlHandlerMapping  : Mapped URL path [/webjars/**] onto handler of type [class org.springframework.web.servlet.resource.ResourceHttpRequestHandler]
2017-01-03 12:25:47.142  INFO 15396 --- [main] o.s.w.s.handler.SimpleUrlHandlerMapping  : Mapped URL path [/**] onto handler of type [class org.springframework.web.servlet.resource.ResourceHttpRequestHandler]
2017-01-03 12:25:47.223  INFO 15396 --- [main] o.s.w.s.handler.SimpleUrlHandlerMapping  : Mapped URL path [/**/favicon.ico] onto handler of type [class org.springframework.web.servlet.resource.ResourceHttpRequestHandler]
2017-01-03 12:25:47.729  INFO 15396 --- [main] .c.m.EmpChargecodeMasterApplicationTests : Started EmpChargecodeMasterApplicationTests in 6.869 seconds (JVM running for 8.995)
2017-01-03 12:25:47.782  INFO 15396 --- [main] o.s.b.t.m.w.SpringBootMockServletContext : Initializing Spring FrameworkServlet ''
2017-01-03 12:25:47.783  INFO 15396 --- [main] o.s.t.web.servlet.TestDispatcherServlet  : FrameworkServlet '': initialization started
2017-01-03 12:25:47.809  INFO 15396 --- [main] o.s.t.web.servlet.TestDispatcherServlet  : FrameworkServlet '': initialization completed in 25 ms
2017-01-03 12:25:47.974  INFO 15396 --- [main] .c.m.EmpChargecodeMasterApplicationTests : Result::: org.springframework.test.web.servlet.MockMvc$1@cda6019
2017-01-03 12:25:47.989  INFO 15396 --- [main] .c.m.EmpChargecodeMasterApplicationTests : 
2017-01-03 12:25:48.003  INFO 15396 --- [main] o.s.b.t.m.w.SpringBootMockServletContext : Initializing Spring FrameworkServlet ''
2017-01-03 12:25:48.004  INFO 15396 --- [main] o.s.t.web.servlet.TestDispatcherServlet  : FrameworkServlet '': initialization started
2017-01-03 12:25:48.013  INFO 15396 --- [main] o.s.t.web.servlet.TestDispatcherServlet  : FrameworkServlet '': initialization completed in 9 ms
2017-01-03 12:25:48.021  INFO 15396 --- [main] .c.m.EmpChargecodeMasterApplicationTests : Result::: org.springframework.test.web.servlet.MockMvc$1@2da66a44
2017-01-03 12:25:48.026  INFO 15396 --- [main] .c.m.EmpChargecodeMasterApplicationTests : {"chargeCode":"AAAAAAAA","engagement":"COE","company":"Accentre","status":"Open","authorizedEmployees":[{"employeeId":10000000,"name":"James","address":"Bangalore"},{"employeeId":10000001,"name":"Anil","address":"Bangalore"}]}
2017-01-03 12:25:48.032  INFO 15396 --- [Thread-1] o.s.w.c.s.GenericWebApplicationContext   : Closing org.springframework.web.context.support.GenericWebApplicationContext@43dac38f: startup date [Tue Jan 03 12:25:41 IST 2017]; root of context hierarchy
2017-01-03 12:27:42.228  INFO 4540 --- [main] .c.m.EmpChargecodeMasterApplicationTests : Starting EmpChargecodeMasterApplicationTests on M5-L-2VT8102 with PID 4540 (started by mahima.agarwal in C:\spring-boot\emp_chargecode_master)
2017-01-03 12:27:42.230  INFO 4540 --- [main] .c.m.EmpChargecodeMasterApplicationTests : No active profile set, falling back to default profiles: default
2017-01-03 12:27:42.305  INFO 4540 --- [main] o.s.w.c.s.GenericWebApplicationContext   : Refreshing org.springframework.web.context.support.GenericWebApplicationContext@43dac38f: startup date [Tue Jan 03 12:27:42 IST 2017]; root of context hierarchy
2017-01-03 12:27:45.444  INFO 4540 --- [main] trationDelegate$BeanPostProcessorChecker : Bean 'org.springframework.ws.config.annotation.DelegatingWsConfiguration' of type [class org.springframework.ws.config.annotation.DelegatingWsConfiguration$$EnhancerBySpringCGLIB$$d151d902] is not eligible for getting processed by all BeanPostProcessors (for example: not eligible for auto-proxying)
2017-01-03 12:27:45.550  INFO 4540 --- [main] .w.s.a.s.AnnotationActionEndpointMapping : Supporting [WS-Addressing August 2004, WS-Addressing 1.0]
2017-01-03 12:27:46.992  INFO 4540 --- [main] s.w.s.m.m.a.RequestMappingHandlerAdapter : Looking for @ControllerAdvice: org.springframework.web.context.support.GenericWebApplicationContext@43dac38f: startup date [Tue Jan 03 12:27:42 IST 2017]; root of context hierarchy
2017-01-03 12:27:47.112  INFO 4540 --- [main] s.w.s.m.m.a.RequestMappingHandlerMapping : Mapped "{[/chargecodes/{wbs}],methods=[GET]}" onto public com.accenture.microservices.emp.chargecode.domain.vo.ChargeCode com.accenture.microservices.emp.chargecode.web.ChargeCodeMasterController.validateChargeCode(java.lang.String)
2017-01-03 12:27:47.114  INFO 4540 --- [main] s.w.s.m.m.a.RequestMappingHandlerMapping : Mapped "{[/chargecodes/{wbs}/employees/{empid}],methods=[GET]}" onto public com.accenture.microservices.emp.chargecode.domain.vo.ChargeCode com.accenture.microservices.emp.chargecode.web.ChargeCodeMasterController.isChargeCodeAuthorized(java.lang.String,java.lang.Integer)
2017-01-03 12:27:47.119  INFO 4540 --- [main] s.w.s.m.m.a.RequestMappingHandlerMapping : Mapped "{[/error]}" onto public org.springframework.http.ResponseEntity<java.util.Map<java.lang.String, java.lang.Object>> org.springframework.boot.autoconfigure.web.BasicErrorController.error(javax.servlet.http.HttpServletRequest)
2017-01-03 12:27:47.120  INFO 4540 --- [main] s.w.s.m.m.a.RequestMappingHandlerMapping : Mapped "{[/error],produces=[text/html]}" onto public org.springframework.web.servlet.ModelAndView org.springframework.boot.autoconfigure.web.BasicErrorController.errorHtml(javax.servlet.http.HttpServletRequest,javax.servlet.http.HttpServletResponse)
2017-01-03 12:27:47.188  INFO 4540 --- [main] o.s.w.s.handler.SimpleUrlHandlerMapping  : Mapped URL path [/webjars/**] onto handler of type [class org.springframework.web.servlet.resource.ResourceHttpRequestHandler]
2017-01-03 12:27:47.188  INFO 4540 --- [main] o.s.w.s.handler.SimpleUrlHandlerMapping  : Mapped URL path [/**] onto handler of type [class org.springframework.web.servlet.resource.ResourceHttpRequestHandler]
2017-01-03 12:27:47.281  INFO 4540 --- [main] o.s.w.s.handler.SimpleUrlHandlerMapping  : Mapped URL path [/**/favicon.ico] onto handler of type [class org.springframework.web.servlet.resource.ResourceHttpRequestHandler]
2017-01-03 12:27:47.808  INFO 4540 --- [main] .c.m.EmpChargecodeMasterApplicationTests : Started EmpChargecodeMasterApplicationTests in 6.366 seconds (JVM running for 7.808)
2017-01-03 12:27:47.867  INFO 4540 --- [main] o.s.b.t.m.w.SpringBootMockServletContext : Initializing Spring FrameworkServlet ''
2017-01-03 12:27:47.867  INFO 4540 --- [main] o.s.t.web.servlet.TestDispatcherServlet  : FrameworkServlet '': initialization started
2017-01-03 12:27:47.897  INFO 4540 --- [main] o.s.t.web.servlet.TestDispatcherServlet  : FrameworkServlet '': initialization completed in 29 ms
2017-01-03 12:27:48.074  INFO 4540 --- [main] .c.m.EmpChargecodeMasterApplicationTests : Result::: org.springframework.test.web.servlet.MockMvc$1@cda6019
2017-01-03 12:27:48.091  INFO 4540 --- [main] .c.m.EmpChargecodeMasterApplicationTests : {"chargeCode":"AAAAAAAA","engagement":"COE","company":"Accentre","status":"Open","authorizedEmployees":[{"employeeId":10000000,"name":"James","address":"Bangalore"},{"employeeId":10000001,"name":"Anil","address":"Bangalore"}]}
2017-01-03 12:27:48.110  INFO 4540 --- [main] o.s.b.t.m.w.SpringBootMockServletContext : Initializing Spring FrameworkServlet ''
2017-01-03 12:27:48.110  INFO 4540 --- [main] o.s.t.web.servlet.TestDispatcherServlet  : FrameworkServlet '': initialization started
2017-01-03 12:27:48.119  INFO 4540 --- [main] o.s.t.web.servlet.TestDispatcherServlet  : FrameworkServlet '': initialization completed in 8 ms
2017-01-03 12:27:48.125  INFO 4540 --- [main] .c.m.EmpChargecodeMasterApplicationTests : Result::: org.springframework.test.web.servlet.MockMvc$1@4aa21f9d
2017-01-03 12:27:48.131  INFO 4540 --- [main] .c.m.EmpChargecodeMasterApplicationTests : {"chargeCode":"AAAAAAAA","engagement":"COE","company":"Accentre","status":"Open","authorizedEmployees":[{"employeeId":10000000,"name":"James","address":"Bangalore"},{"employeeId":10000001,"name":"Anil","address":"Bangalore"}]}
2017-01-03 12:27:48.175  INFO 4540 --- [Thread-1] o.s.w.c.s.GenericWebApplicationContext   : Closing org.springframework.web.context.support.GenericWebApplicationContext@43dac38f: startup date [Tue Jan 03 12:27:42 IST 2017]; root of context hierarchy
2017-01-03 12:40:22.053  INFO 15996 --- [main] .c.m.EmpChargecodeMasterApplicationTests : Starting EmpChargecodeMasterApplicationTests on M5-L-2VT8102 with PID 15996 (started by mahima.agarwal in C:\spring-boot\emp_chargecode_master)
2017-01-03 12:40:22.063  INFO 15996 --- [main] .c.m.EmpChargecodeMasterApplicationTests : No active profile set, falling back to default profiles: default
2017-01-03 12:40:22.141  INFO 15996 --- [main] o.s.w.c.s.GenericWebApplicationContext   : Refreshing org.springframework.web.context.support.GenericWebApplicationContext@43dac38f: startup date [Tue Jan 03 12:40:22 IST 2017]; root of context hierarchy
2017-01-03 12:40:25.326  INFO 15996 --- [main] trationDelegate$BeanPostProcessorChecker : Bean 'org.springframework.ws.config.annotation.DelegatingWsConfiguration' of type [class org.springframework.ws.config.annotation.DelegatingWsConfiguration$$EnhancerBySpringCGLIB$$115e3712] is not eligible for getting processed by all BeanPostProcessors (for example: not eligible for auto-proxying)
2017-01-03 12:40:25.451  INFO 15996 --- [main] .w.s.a.s.AnnotationActionEndpointMapping : Supporting [WS-Addressing August 2004, WS-Addressing 1.0]
2017-01-03 12:40:27.012  INFO 15996 --- [main] s.w.s.m.m.a.RequestMappingHandlerAdapter : Looking for @ControllerAdvice: org.springframework.web.context.support.GenericWebApplicationContext@43dac38f: startup date [Tue Jan 03 12:40:22 IST 2017]; root of context hierarchy
2017-01-03 12:40:27.332  INFO 15996 --- [main] s.w.s.m.m.a.RequestMappingHandlerMapping : Mapped "{[/chargecodes/{wbs}],methods=[GET]}" onto public com.accenture.microservices.emp.chargecode.domain.vo.ChargeCode com.accenture.microservices.emp.chargecode.web.ChargeCodeMasterController.validateChargeCode(java.lang.String)
2017-01-03 12:40:27.334  INFO 15996 --- [main] s.w.s.m.m.a.RequestMappingHandlerMapping : Mapped "{[/chargecodes/{wbs}/employees/{empid}],methods=[GET]}" onto public com.accenture.microservices.emp.chargecode.domain.vo.ChargeCode com.accenture.microservices.emp.chargecode.web.ChargeCodeMasterController.isChargeCodeAuthorized(java.lang.String,java.lang.Integer)
2017-01-03 12:40:27.343  INFO 15996 --- [main] s.w.s.m.m.a.RequestMappingHandlerMapping : Mapped "{[/error]}" onto public org.springframework.http.ResponseEntity<java.util.Map<java.lang.String, java.lang.Object>> org.springframework.boot.autoconfigure.web.BasicErrorController.error(javax.servlet.http.HttpServletRequest)
2017-01-03 12:40:27.344  INFO 15996 --- [main] s.w.s.m.m.a.RequestMappingHandlerMapping : Mapped "{[/error],produces=[text/html]}" onto public org.springframework.web.servlet.ModelAndView org.springframework.boot.autoconfigure.web.BasicErrorController.errorHtml(javax.servlet.http.HttpServletRequest,javax.servlet.http.HttpServletResponse)
2017-01-03 12:40:27.412  INFO 15996 --- [main] o.s.w.s.handler.SimpleUrlHandlerMapping  : Mapped URL path [/webjars/**] onto handler of type [class org.springframework.web.servlet.resource.ResourceHttpRequestHandler]
2017-01-03 12:40:27.413  INFO 15996 --- [main] o.s.w.s.handler.SimpleUrlHandlerMapping  : Mapped URL path [/**] onto handler of type [class org.springframework.web.servlet.resource.ResourceHttpRequestHandler]
2017-01-03 12:40:27.497  INFO 15996 --- [main] o.s.w.s.handler.SimpleUrlHandlerMapping  : Mapped URL path [/**/favicon.ico] onto handler of type [class org.springframework.web.servlet.resource.ResourceHttpRequestHandler]
2017-01-03 12:40:27.999  INFO 15996 --- [main] .c.m.EmpChargecodeMasterApplicationTests : Started EmpChargecodeMasterApplicationTests in 7.353 seconds (JVM running for 10.018)
2017-01-03 12:40:28.058  INFO 15996 --- [main] o.s.b.t.m.w.SpringBootMockServletContext : Initializing Spring FrameworkServlet ''
2017-01-03 12:40:28.058  INFO 15996 --- [main] o.s.t.web.servlet.TestDispatcherServlet  : FrameworkServlet '': initialization started
2017-01-03 12:40:28.082  INFO 15996 --- [main] o.s.t.web.servlet.TestDispatcherServlet  : FrameworkServlet '': initialization completed in 24 ms
2017-01-03 12:40:28.258  INFO 15996 --- [main] .c.m.EmpChargecodeMasterApplicationTests : Result::: org.springframework.test.web.servlet.MockMvc$1@4375b013
2017-01-03 12:40:28.294  INFO 15996 --- [main] .c.m.EmpChargecodeMasterApplicationTests : {"chargeCode":"ABC","engagement":"COE","company":"Accentre","status":"Open","authorizedEmployees":[{"employeeId":10000000,"name":"James","address":"Bangalore"},{"employeeId":10000001,"name":"Anil","address":"Bangalore"}]}
2017-01-03 12:40:28.303  INFO 15996 --- [main] o.s.b.t.m.w.SpringBootMockServletContext : Initializing Spring FrameworkServlet ''
2017-01-03 12:40:28.304  INFO 15996 --- [main] o.s.t.web.servlet.TestDispatcherServlet  : FrameworkServlet '': initialization started
2017-01-03 12:40:28.307  INFO 15996 --- [main] o.s.t.web.servlet.TestDispatcherServlet  : FrameworkServlet '': initialization completed in 3 ms
2017-01-03 12:40:28.315  INFO 15996 --- [main] .c.m.EmpChargecodeMasterApplicationTests : Result::: org.springframework.test.web.servlet.MockMvc$1@61bfc9bf
2017-01-03 12:40:28.341  INFO 15996 --- [main] .c.m.EmpChargecodeMasterApplicationTests : 
2017-01-03 12:40:28.355  INFO 15996 --- [main] o.s.b.t.m.w.SpringBootMockServletContext : Initializing Spring FrameworkServlet ''
2017-01-03 12:40:28.355  INFO 15996 --- [main] o.s.t.web.servlet.TestDispatcherServlet  : FrameworkServlet '': initialization started
2017-01-03 12:40:28.359  INFO 15996 --- [main] o.s.t.web.servlet.TestDispatcherServlet  : FrameworkServlet '': initialization completed in 4 ms
2017-01-03 12:40:28.359  INFO 15996 --- [main] .c.m.EmpChargecodeMasterApplicationTests :  Inside getEmployeeDetailsURLCheck
2017-01-03 12:40:28.371  INFO 15996 --- [main] o.s.b.t.m.w.SpringBootMockServletContext : Initializing Spring FrameworkServlet ''
2017-01-03 12:40:28.372  INFO 15996 --- [main] o.s.t.web.servlet.TestDispatcherServlet  : FrameworkServlet '': initialization started
2017-01-03 12:40:28.374  INFO 15996 --- [main] o.s.t.web.servlet.TestDispatcherServlet  : FrameworkServlet '': initialization completed in 2 ms
2017-01-03 12:40:28.377  INFO 15996 --- [main] .c.m.EmpChargecodeMasterApplicationTests : Result::: org.springframework.test.web.servlet.MockMvc$1@d7109be
2017-01-03 12:40:28.382  INFO 15996 --- [main] .c.m.EmpChargecodeMasterApplicationTests : {"chargeCode":"AAAAAAAA","engagement":"COE","company":"Accentre","status":"Open","authorizedEmployees":[{"employeeId":10000000,"name":"James","address":"Bangalore"},{"employeeId":10000001,"name":"Anil","address":"Bangalore"}]}
2017-01-03 12:40:28.389  INFO 15996 --- [main] o.s.b.t.m.w.SpringBootMockServletContext : Initializing Spring FrameworkServlet ''
2017-01-03 12:40:28.390  INFO 15996 --- [main] o.s.t.web.servlet.TestDispatcherServlet  : FrameworkServlet '': initialization started
2017-01-03 12:40:28.393  INFO 15996 --- [main] o.s.t.web.servlet.TestDispatcherServlet  : FrameworkServlet '': initialization completed in 3 ms
2017-01-03 12:40:28.397  INFO 15996 --- [main] .c.m.EmpChargecodeMasterApplicationTests : Result::: org.springframework.test.web.servlet.MockMvc$1@f4a3a8d
2017-01-03 12:40:28.403  INFO 15996 --- [main] .c.m.EmpChargecodeMasterApplicationTests : {"chargeCode":"AAAAAAAA","engagement":"COE","company":"Accentre","status":"Open","authorizedEmployees":[{"employeeId":10000000,"name":"James","address":"Bangalore"},{"employeeId":10000001,"name":"Anil","address":"Bangalore"}]}
2017-01-03 12:40:28.458  INFO 15996 --- [Thread-1] o.s.w.c.s.GenericWebApplicationContext   : Closing org.springframework.web.context.support.GenericWebApplicationContext@43dac38f: startup date [Tue Jan 03 12:40:22 IST 2017]; root of context hierarchy
2017-01-03 12:42:26.586  INFO 10252 --- [main] .c.m.EmpChargecodeMasterApplicationTests : Starting EmpChargecodeMasterApplicationTests on M5-L-2VT8102 with PID 10252 (started by mahima.agarwal in C:\spring-boot\emp_chargecode_master)
2017-01-03 12:42:26.587  INFO 10252 --- [main] .c.m.EmpChargecodeMasterApplicationTests : No active profile set, falling back to default profiles: default
2017-01-03 12:42:26.665  INFO 10252 --- [main] o.s.w.c.s.GenericWebApplicationContext   : Refreshing org.springframework.web.context.support.GenericWebApplicationContext@43dac38f: startup date [Tue Jan 03 12:42:26 IST 2017]; root of context hierarchy
2017-01-03 12:42:29.432  INFO 10252 --- [main] trationDelegate$BeanPostProcessorChecker : Bean 'org.springframework.ws.config.annotation.DelegatingWsConfiguration' of type [class org.springframework.ws.config.annotation.DelegatingWsConfiguration$$EnhancerBySpringCGLIB$$115e3712] is not eligible for getting processed by all BeanPostProcessors (for example: not eligible for auto-proxying)
2017-01-03 12:42:29.533  INFO 10252 --- [main] .w.s.a.s.AnnotationActionEndpointMapping : Supporting [WS-Addressing August 2004, WS-Addressing 1.0]
2017-01-03 12:42:30.792  INFO 10252 --- [main] s.w.s.m.m.a.RequestMappingHandlerAdapter : Looking for @ControllerAdvice: org.springframework.web.context.support.GenericWebApplicationContext@43dac38f: startup date [Tue Jan 03 12:42:26 IST 2017]; root of context hierarchy
2017-01-03 12:42:30.908  INFO 10252 --- [main] s.w.s.m.m.a.RequestMappingHandlerMapping : Mapped "{[/chargecodes/{wbs}],methods=[GET]}" onto public com.accenture.microservices.emp.chargecode.domain.vo.ChargeCode com.accenture.microservices.emp.chargecode.web.ChargeCodeMasterController.validateChargeCode(java.lang.String)
2017-01-03 12:42:30.910  INFO 10252 --- [main] s.w.s.m.m.a.RequestMappingHandlerMapping : Mapped "{[/chargecodes/{wbs}/employees/{empid}],methods=[GET]}" onto public com.accenture.microservices.emp.chargecode.domain.vo.ChargeCode com.accenture.microservices.emp.chargecode.web.ChargeCodeMasterController.isChargeCodeAuthorized(java.lang.String,java.lang.Integer)
2017-01-03 12:42:30.913  INFO 10252 --- [main] s.w.s.m.m.a.RequestMappingHandlerMapping : Mapped "{[/error]}" onto public org.springframework.http.ResponseEntity<java.util.Map<java.lang.String, java.lang.Object>> org.springframework.boot.autoconfigure.web.BasicErrorController.error(javax.servlet.http.HttpServletRequest)
2017-01-03 12:42:30.914  INFO 10252 --- [main] s.w.s.m.m.a.RequestMappingHandlerMapping : Mapped "{[/error],produces=[text/html]}" onto public org.springframework.web.servlet.ModelAndView org.springframework.boot.autoconfigure.web.BasicErrorController.errorHtml(javax.servlet.http.HttpServletRequest,javax.servlet.http.HttpServletResponse)
2017-01-03 12:42:30.973  INFO 10252 --- [main] o.s.w.s.handler.SimpleUrlHandlerMapping  : Mapped URL path [/webjars/**] onto handler of type [class org.springframework.web.servlet.resource.ResourceHttpRequestHandler]
2017-01-03 12:42:30.973  INFO 10252 --- [main] o.s.w.s.handler.SimpleUrlHandlerMapping  : Mapped URL path [/**] onto handler of type [class org.springframework.web.servlet.resource.ResourceHttpRequestHandler]
2017-01-03 12:42:31.048  INFO 10252 --- [main] o.s.w.s.handler.SimpleUrlHandlerMapping  : Mapped URL path [/**/favicon.ico] onto handler of type [class org.springframework.web.servlet.resource.ResourceHttpRequestHandler]
2017-01-03 12:42:31.485  INFO 10252 --- [main] .c.m.EmpChargecodeMasterApplicationTests : Started EmpChargecodeMasterApplicationTests in 5.574 seconds (JVM running for 7.013)
2017-01-03 12:42:31.553  INFO 10252 --- [main] o.s.b.t.m.w.SpringBootMockServletContext : Initializing Spring FrameworkServlet ''
2017-01-03 12:42:31.554  INFO 10252 --- [main] o.s.t.web.servlet.TestDispatcherServlet  : FrameworkServlet '': initialization started
2017-01-03 12:42:31.585  INFO 10252 --- [main] o.s.t.web.servlet.TestDispatcherServlet  : FrameworkServlet '': initialization completed in 30 ms
2017-01-03 12:42:31.736  INFO 10252 --- [main] .c.m.EmpChargecodeMasterApplicationTests : Result::: org.springframework.test.web.servlet.MockMvc$1@77865933
2017-01-03 12:42:31.748  INFO 10252 --- [main] .c.m.EmpChargecodeMasterApplicationTests : 
2017-01-03 12:42:31.763  INFO 10252 --- [main] o.s.b.t.m.w.SpringBootMockServletContext : Initializing Spring FrameworkServlet ''
2017-01-03 12:42:31.763  INFO 10252 --- [main] o.s.t.web.servlet.TestDispatcherServlet  : FrameworkServlet '': initialization started
2017-01-03 12:42:31.773  INFO 10252 --- [main] o.s.t.web.servlet.TestDispatcherServlet  : FrameworkServlet '': initialization completed in 9 ms
2017-01-03 12:42:31.781  INFO 10252 --- [main] .c.m.EmpChargecodeMasterApplicationTests : Result::: org.springframework.test.web.servlet.MockMvc$1@cda6019
2017-01-03 12:42:31.792  INFO 10252 --- [main] .c.m.EmpChargecodeMasterApplicationTests : 
2017-01-03 12:42:31.803  INFO 10252 --- [main] o.s.b.t.m.w.SpringBootMockServletContext : Initializing Spring FrameworkServlet ''
2017-01-03 12:42:31.804  INFO 10252 --- [main] o.s.t.web.servlet.TestDispatcherServlet  : FrameworkServlet '': initialization started
2017-01-03 12:42:31.811  INFO 10252 --- [main] o.s.t.web.servlet.TestDispatcherServlet  : FrameworkServlet '': initialization completed in 7 ms
2017-01-03 12:42:31.811  INFO 10252 --- [main] .c.m.EmpChargecodeMasterApplicationTests :  Inside getEmployeeDetailsURLCheck
2017-01-03 12:42:31.835  INFO 10252 --- [main] o.s.b.t.m.w.SpringBootMockServletContext : Initializing Spring FrameworkServlet ''
2017-01-03 12:42:31.836  INFO 10252 --- [main] o.s.t.web.servlet.TestDispatcherServlet  : FrameworkServlet '': initialization started
2017-01-03 12:42:31.840  INFO 10252 --- [main] o.s.t.web.servlet.TestDispatcherServlet  : FrameworkServlet '': initialization completed in 4 ms
2017-01-03 12:42:31.867  INFO 10252 --- [main] .c.m.EmpChargecodeMasterApplicationTests : Result::: org.springframework.test.web.servlet.MockMvc$1@d7109be
2017-01-03 12:42:31.874  INFO 10252 --- [main] .c.m.EmpChargecodeMasterApplicationTests : {"chargeCode":"AAAAAAAA","engagement":"COE","company":"Accentre","status":"Open","authorizedEmployees":[{"employeeId":10000000,"name":"James","address":"Bangalore"},{"employeeId":10000001,"name":"Anil","address":"Bangalore"}]}
2017-01-03 12:42:31.881  INFO 10252 --- [main] o.s.b.t.m.w.SpringBootMockServletContext : Initializing Spring FrameworkServlet ''
2017-01-03 12:42:31.882  INFO 10252 --- [main] o.s.t.web.servlet.TestDispatcherServlet  : FrameworkServlet '': initialization started
2017-01-03 12:42:31.887  INFO 10252 --- [main] o.s.t.web.servlet.TestDispatcherServlet  : FrameworkServlet '': initialization completed in 5 ms
2017-01-03 12:42:31.891  INFO 10252 --- [main] .c.m.EmpChargecodeMasterApplicationTests : Result::: org.springframework.test.web.servlet.MockMvc$1@f4a3a8d
2017-01-03 12:42:31.898  INFO 10252 --- [main] .c.m.EmpChargecodeMasterApplicationTests : {"chargeCode":"AAAAAAAA","engagement":"COE","company":"Accentre","status":"Open","authorizedEmployees":[{"employeeId":10000000,"name":"James","address":"Bangalore"},{"employeeId":10000001,"name":"Anil","address":"Bangalore"}]}
2017-01-03 12:42:31.903  INFO 10252 --- [Thread-1] o.s.w.c.s.GenericWebApplicationContext   : Closing org.springframework.web.context.support.GenericWebApplicationContext@43dac38f: startup date [Tue Jan 03 12:42:26 IST 2017]; root of context hierarchy
